[2025-11-03 07:21:57Z INFO HostContext] No proxy settings were found based on environmental variables (http_proxy/https_proxy/HTTP_PROXY/HTTPS_PROXY)
[2025-11-03 07:21:57Z INFO HostContext] Well known directory 'Bin': 'C:\Users\iricue\Desktop\Devops_trainning\multi-env-pipeline-lab\actions-runner\bin'
[2025-11-03 07:21:57Z INFO HostContext] Well known directory 'Root': 'C:\Users\iricue\Desktop\Devops_trainning\multi-env-pipeline-lab\actions-runner'
[2025-11-03 07:21:57Z INFO HostContext] Well known config file 'Credentials': 'C:\Users\iricue\Desktop\Devops_trainning\multi-env-pipeline-lab\actions-runner\.credentials'
[2025-11-03 07:21:58Z INFO HostContext] Well known directory 'Bin': 'C:\Users\iricue\Desktop\Devops_trainning\multi-env-pipeline-lab\actions-runner\bin'
[2025-11-03 07:21:58Z INFO HostContext] Well known directory 'Root': 'C:\Users\iricue\Desktop\Devops_trainning\multi-env-pipeline-lab\actions-runner'
[2025-11-03 07:21:58Z INFO HostContext] Well known config file 'Runner': 'C:\Users\iricue\Desktop\Devops_trainning\multi-env-pipeline-lab\actions-runner\.runner'
[2025-11-03 07:21:58Z INFO Listener] Runner is built for Windows (X64) - win-x64.
[2025-11-03 07:21:58Z INFO Listener] RuntimeInformation: Microsoft Windows 10.0.26100.
[2025-11-03 07:21:58Z INFO Listener] Version: 2.329.0
[2025-11-03 07:21:58Z INFO Listener] Commit: c76c59996c8fa32e989164a5a695efb12608ae5a
[2025-11-03 07:21:58Z INFO Listener] Culture: es-ES
[2025-11-03 07:21:58Z INFO Listener] UI Culture: es-ES
[2025-11-03 07:21:58Z INFO HostContext] Well known directory 'Bin': 'C:\Users\iricue\Desktop\Devops_trainning\multi-env-pipeline-lab\actions-runner\bin'
[2025-11-03 07:21:58Z INFO HostContext] Well known directory 'Root': 'C:\Users\iricue\Desktop\Devops_trainning\multi-env-pipeline-lab\actions-runner'
[2025-11-03 07:21:58Z INFO Listener] Validating directory permissions for: 'C:\Users\iricue\Desktop\Devops_trainning\multi-env-pipeline-lab\actions-runner'
[2025-11-03 07:21:58Z INFO CommandLineParser] Parse
[2025-11-03 07:21:58Z INFO CommandLineParser] Parsing 1 args
[2025-11-03 07:21:58Z INFO CommandLineParser] parsing argument
[2025-11-03 07:21:58Z INFO CommandLineParser] HasArgs: False
[2025-11-03 07:21:58Z INFO CommandLineParser] Adding Command: run
[2025-11-03 07:21:58Z INFO Listener] Arguments parsed
[2025-11-03 07:21:58Z INFO Runner] ExecuteCommand
[2025-11-03 07:21:58Z INFO ConfigurationStore] currentAssemblyLocation: C:\Users\iricue\Desktop\Devops_trainning\multi-env-pipeline-lab\actions-runner\bin\Runner.Listener.dll
[2025-11-03 07:21:58Z INFO HostContext] Well known directory 'Bin': 'C:\Users\iricue\Desktop\Devops_trainning\multi-env-pipeline-lab\actions-runner\bin'
[2025-11-03 07:21:58Z INFO ConfigurationStore] binPath: C:\Users\iricue\Desktop\Devops_trainning\multi-env-pipeline-lab\actions-runner\bin
[2025-11-03 07:21:58Z INFO HostContext] Well known directory 'Bin': 'C:\Users\iricue\Desktop\Devops_trainning\multi-env-pipeline-lab\actions-runner\bin'
[2025-11-03 07:21:58Z INFO HostContext] Well known directory 'Root': 'C:\Users\iricue\Desktop\Devops_trainning\multi-env-pipeline-lab\actions-runner'
[2025-11-03 07:21:58Z INFO ConfigurationStore] RootFolder: C:\Users\iricue\Desktop\Devops_trainning\multi-env-pipeline-lab\actions-runner
[2025-11-03 07:21:58Z INFO HostContext] Well known directory 'Bin': 'C:\Users\iricue\Desktop\Devops_trainning\multi-env-pipeline-lab\actions-runner\bin'
[2025-11-03 07:21:58Z INFO HostContext] Well known directory 'Root': 'C:\Users\iricue\Desktop\Devops_trainning\multi-env-pipeline-lab\actions-runner'
[2025-11-03 07:21:58Z INFO HostContext] Well known config file 'Runner': 'C:\Users\iricue\Desktop\Devops_trainning\multi-env-pipeline-lab\actions-runner\.runner'
[2025-11-03 07:21:58Z INFO ConfigurationStore] ConfigFilePath: C:\Users\iricue\Desktop\Devops_trainning\multi-env-pipeline-lab\actions-runner\.runner
[2025-11-03 07:21:58Z INFO HostContext] Well known directory 'Bin': 'C:\Users\iricue\Desktop\Devops_trainning\multi-env-pipeline-lab\actions-runner\bin'
[2025-11-03 07:21:58Z INFO HostContext] Well known directory 'Root': 'C:\Users\iricue\Desktop\Devops_trainning\multi-env-pipeline-lab\actions-runner'
[2025-11-03 07:21:58Z INFO HostContext] Well known config file 'MigratedRunner': 'C:\Users\iricue\Desktop\Devops_trainning\multi-env-pipeline-lab\actions-runner\.runner_migrated'
[2025-11-03 07:21:58Z INFO ConfigurationStore] MigratedConfigFilePath: C:\Users\iricue\Desktop\Devops_trainning\multi-env-pipeline-lab\actions-runner\.runner_migrated
[2025-11-03 07:21:58Z INFO HostContext] Well known directory 'Bin': 'C:\Users\iricue\Desktop\Devops_trainning\multi-env-pipeline-lab\actions-runner\bin'
[2025-11-03 07:21:58Z INFO HostContext] Well known directory 'Root': 'C:\Users\iricue\Desktop\Devops_trainning\multi-env-pipeline-lab\actions-runner'
[2025-11-03 07:21:58Z INFO HostContext] Well known config file 'Credentials': 'C:\Users\iricue\Desktop\Devops_trainning\multi-env-pipeline-lab\actions-runner\.credentials'
[2025-11-03 07:21:58Z INFO ConfigurationStore] CredFilePath: C:\Users\iricue\Desktop\Devops_trainning\multi-env-pipeline-lab\actions-runner\.credentials
[2025-11-03 07:21:58Z INFO HostContext] Well known directory 'Bin': 'C:\Users\iricue\Desktop\Devops_trainning\multi-env-pipeline-lab\actions-runner\bin'
[2025-11-03 07:21:58Z INFO HostContext] Well known directory 'Root': 'C:\Users\iricue\Desktop\Devops_trainning\multi-env-pipeline-lab\actions-runner'
[2025-11-03 07:21:58Z INFO HostContext] Well known config file 'MigratedCredentials': 'C:\Users\iricue\Desktop\Devops_trainning\multi-env-pipeline-lab\actions-runner\.credentials_migrated'
[2025-11-03 07:21:58Z INFO ConfigurationStore] MigratedCredFilePath: C:\Users\iricue\Desktop\Devops_trainning\multi-env-pipeline-lab\actions-runner\.credentials_migrated
[2025-11-03 07:21:58Z INFO HostContext] Well known directory 'Bin': 'C:\Users\iricue\Desktop\Devops_trainning\multi-env-pipeline-lab\actions-runner\bin'
[2025-11-03 07:21:58Z INFO HostContext] Well known directory 'Root': 'C:\Users\iricue\Desktop\Devops_trainning\multi-env-pipeline-lab\actions-runner'
[2025-11-03 07:21:58Z INFO HostContext] Well known config file 'Service': 'C:\Users\iricue\Desktop\Devops_trainning\multi-env-pipeline-lab\actions-runner\.service'
[2025-11-03 07:21:58Z INFO ConfigurationStore] ServiceConfigFilePath: C:\Users\iricue\Desktop\Devops_trainning\multi-env-pipeline-lab\actions-runner\.service
[2025-11-03 07:21:58Z INFO CommandSettings] Flag 'help': 'False'
[2025-11-03 07:21:58Z INFO CommandSettings] Flag 'version': 'False'
[2025-11-03 07:21:58Z INFO CommandSettings] Flag 'commit': 'False'
[2025-11-03 07:21:58Z INFO CommandSettings] Flag 'check': 'False'
[2025-11-03 07:21:58Z INFO CommandSettings] Command 'configure': 'False'
[2025-11-03 07:21:58Z INFO CommandSettings] Command 'remove': 'False'
[2025-11-03 07:21:58Z INFO CommandSettings] Command 'warmup': 'False'
[2025-11-03 07:21:58Z INFO ConfigurationManager] LoadSettings
[2025-11-03 07:21:58Z INFO ConfigurationStore] IsConfigured()
[2025-11-03 07:21:58Z INFO ConfigurationStore] IsConfigured: True
[2025-11-03 07:21:58Z INFO ConfigurationManager] Is configured: True
[2025-11-03 07:21:58Z INFO ConfigurationStore] Read setting file: 402 chars
[2025-11-03 07:21:58Z INFO ConfigurationManager] Settings Loaded
[2025-11-03 07:21:58Z INFO ConfigurationStore] IsServiceConfigured()
[2025-11-03 07:21:58Z INFO ConfigurationStore] IsServiceConfigured: False
[2025-11-03 07:21:58Z INFO CommandSettings] Command 'run': 'True'
[2025-11-03 07:21:58Z INFO ConfigurationStore] IsConfigured()
[2025-11-03 07:21:58Z INFO ConfigurationStore] IsConfigured: True
[2025-11-03 07:21:58Z INFO ConfigurationManager] Is configured: True
[2025-11-03 07:21:58Z INFO Runner] Could not parse the argument value '' for StartupType. Defaulting to Manual
[2025-11-03 07:21:58Z INFO Runner] Set runner startup type - Manual
[2025-11-03 07:21:58Z INFO CommandSettings] Flag 'once': 'False'
[2025-11-03 07:21:58Z INFO CommandSettings] Flag 'once': 'False'
[2025-11-03 07:21:58Z INFO Runner] RunAsync
[2025-11-03 07:21:58Z INFO ConfigurationManager] LoadMigratedSettings
[2025-11-03 07:21:58Z INFO ConfigurationStore] IsMigratedConfigured()
[2025-11-03 07:21:58Z INFO ConfigurationStore] IsMigratedConfigured: False
[2025-11-03 07:21:58Z INFO Runner] Failed to load migrated settings: No migrated configuration found.
[2025-11-03 07:21:58Z INFO Runner] Falling back to original .runner settings
[2025-11-03 07:21:58Z INFO Runner] Using BrokerMessageListener
[2025-11-03 07:21:58Z INFO BrokerMessageListener] Using provided settings
[2025-11-03 07:21:58Z INFO BrokerMessageListener] {
  "AgentId": 2,
  "AgentName": "INN0671",
  "PoolId": 1,
  "PoolName": "Default",
  "ServerUrl": "https://pipelinesghubeus15.actions.githubusercontent.com/Y4dccMGTQdAUMjfhlWqF0Xcexqyf5aCPHvWScVcGDCT4obsLBM/",
  "GitHubUrl": "https://github.com/Iria1234/multi-env-pipeline-lab",
  "WorkFolder": "_work",
  "UseV2Flow": true,
  "ServerUrlV2": "https://broker.actions.githubusercontent.com/"
}
[2025-11-03 07:21:58Z INFO BrokerMessageListener] Loading Credentials
[2025-11-03 07:21:58Z INFO ConfigurationStore] HasCredentials()
[2025-11-03 07:21:58Z INFO ConfigurationStore] stored True
[2025-11-03 07:21:58Z INFO CredentialManager] GetCredentialProvider
[2025-11-03 07:21:58Z INFO CredentialManager] Creating type OAuth
[2025-11-03 07:21:58Z INFO CredentialManager] Creating credential type: OAuth
[2025-11-03 07:21:58Z INFO HostContext] Well known directory 'Bin': 'C:\Users\iricue\Desktop\Devops_trainning\multi-env-pipeline-lab\actions-runner\bin'
[2025-11-03 07:21:58Z INFO HostContext] Well known directory 'Root': 'C:\Users\iricue\Desktop\Devops_trainning\multi-env-pipeline-lab\actions-runner'
[2025-11-03 07:21:58Z INFO HostContext] Well known config file 'RSACredentials': 'C:\Users\iricue\Desktop\Devops_trainning\multi-env-pipeline-lab\actions-runner\.credentials_rsaparams'
[2025-11-03 07:21:58Z INFO RSAEncryptedFileKeyManager] Loading RSA key parameters from file C:\Users\iricue\Desktop\Devops_trainning\multi-env-pipeline-lab\actions-runner\.credentials_rsaparams
[2025-11-03 07:21:58Z INFO BrokerMessageListener] Attempt to create session.
[2025-11-03 07:21:58Z INFO BrokerMessageListener] Connecting to the Broker Server...
[2025-11-03 07:21:58Z INFO ConfigurationStore] HasCredentials()
[2025-11-03 07:21:58Z INFO ConfigurationStore] stored True
[2025-11-03 07:21:58Z INFO CredentialManager] GetCredentialProvider
[2025-11-03 07:21:58Z INFO CredentialManager] Creating type OAuth
[2025-11-03 07:21:58Z INFO CredentialManager] Creating credential type: OAuth
[2025-11-03 07:21:58Z INFO RSAEncryptedFileKeyManager] Loading RSA key parameters from file C:\Users\iricue\Desktop\Devops_trainning\multi-env-pipeline-lab\actions-runner\.credentials_rsaparams
[2025-11-03 07:21:58Z INFO BrokerMessageListener] VssConnection created
[2025-11-03 07:21:58Z INFO BrokerMessageListener] Connecting to the Runner server...
[2025-11-03 07:21:58Z INFO RunnerServer] EstablishVssConnection
[2025-11-03 07:21:58Z INFO RunnerServer] Establish connection with 100 seconds timeout.
[2025-11-03 07:21:58Z INFO GitHubActionsService] Starting operation Location.GetConnectionData
[2025-11-03 07:21:58Z INFO RunnerServer] EstablishVssConnection
[2025-11-03 07:21:58Z INFO RunnerServer] Establish connection with 60 seconds timeout.
[2025-11-03 07:21:58Z INFO GitHubActionsService] Starting operation Location.GetConnectionData
[2025-11-03 07:21:58Z INFO RunnerServer] EstablishVssConnection
[2025-11-03 07:21:58Z INFO RunnerServer] Establish connection with 60 seconds timeout.
[2025-11-03 07:21:58Z INFO GitHubActionsService] Starting operation Location.GetConnectionData
[2025-11-03 07:21:59Z INFO GitHubActionsService] Finished operation Location.GetConnectionData
[2025-11-03 07:21:59Z INFO GitHubActionsService] Finished operation Location.GetConnectionData
[2025-11-03 07:21:59Z INFO GitHubActionsService] Finished operation Location.GetConnectionData
[2025-11-03 07:21:59Z INFO BrokerMessageListener] VssConnection created
[2025-11-03 07:21:59Z INFO Terminal] WRITE LINE: 
[2025-11-03 07:21:59Z INFO Terminal] WRITE LINE: 
[2025-11-03 07:21:59Z INFO RSAEncryptedFileKeyManager] Loading RSA key parameters from file C:\Users\iricue\Desktop\Devops_trainning\multi-env-pipeline-lab\actions-runner\.credentials_rsaparams
[2025-11-03 07:21:59Z INFO RSAEncryptedFileKeyManager] Loading RSA key parameters from file C:\Users\iricue\Desktop\Devops_trainning\multi-env-pipeline-lab\actions-runner\.credentials_rsaparams
[2025-11-03 07:21:59Z INFO GitHubActionsService] AAD Correlation ID for this token request: Unknown
[2025-11-03 07:22:00Z INFO BrokerMessageListener] Session created.
[2025-11-03 07:22:00Z INFO Terminal] WRITE LINE: Current runner version: '2.329.0'
[2025-11-03 07:22:00Z INFO Terminal] WRITE LINE: 2025-11-03 07:22:00Z: Listening for Jobs
[2025-11-03 07:22:00Z INFO JobDispatcher] Set runner/worker IPC timeout to 30 seconds.
[2025-11-03 07:41:01Z INFO ConfigurationStore] HasCredentials()
[2025-11-03 07:41:01Z INFO ConfigurationStore] stored True
[2025-11-03 07:41:01Z INFO CredentialManager] GetCredentialProvider
[2025-11-03 07:41:01Z INFO CredentialManager] Creating type OAuth
[2025-11-03 07:41:01Z INFO CredentialManager] Creating credential type: OAuth
[2025-11-03 07:41:01Z INFO RSAEncryptedFileKeyManager] Loading RSA key parameters from file C:\Users\iricue\Desktop\Devops_trainning\multi-env-pipeline-lab\actions-runner\.credentials_rsaparams
[2025-11-03 07:41:01Z INFO RSAEncryptedFileKeyManager] Loading RSA key parameters from file C:\Users\iricue\Desktop\Devops_trainning\multi-env-pipeline-lab\actions-runner\.credentials_rsaparams
[2025-11-03 07:41:01Z INFO RSAEncryptedFileKeyManager] Loading RSA key parameters from file C:\Users\iricue\Desktop\Devops_trainning\multi-env-pipeline-lab\actions-runner\.credentials_rsaparams
[2025-11-03 07:41:02Z INFO GitHubActionsService] AAD Correlation ID for this token request: Unknown
[2025-11-03 07:41:02Z INFO JobDispatcher] Job request 0 for plan 381c0baa-7d25-4833-8d4e-e35d47e65b7f job a5ebd4c5-787d-58cd-929c-ab1f4c54d07b received.
[2025-11-03 07:41:02Z INFO JobDispatcher] Pull OrchestrationId 381c0baa-7d25-4833-8d4e-e35d47e65b7f.test.__default from JWT claims
[2025-11-03 07:41:02Z INFO BrokerMessageListener] Received job status event. JobState: Busy
[2025-11-03 07:41:02Z INFO BrokerMessageListener] _getMessagesTokenSource is already disposed.
[2025-11-03 07:41:02Z INFO Terminal] WRITE LINE: 2025-11-03 07:41:02Z: Running job: Test Runner & Cluster Access
[2025-11-03 07:41:02Z INFO JobDispatcher] Start renew job request 0 for job a5ebd4c5-787d-58cd-929c-ab1f4c54d07b.
[2025-11-03 07:41:03Z INFO JobDispatcher] Successfully renew job a5ebd4c5-787d-58cd-929c-ab1f4c54d07b, job is valid till 03/11/2025 7:50:59
[2025-11-03 07:41:03Z INFO HostContext] Well known directory 'Bin': 'C:\Users\iricue\Desktop\Devops_trainning\multi-env-pipeline-lab\actions-runner\bin'
[2025-11-03 07:41:03Z INFO ProcessInvokerWrapper] Starting process:
[2025-11-03 07:41:03Z INFO ProcessInvokerWrapper]   File name: 'C:\Users\iricue\Desktop\Devops_trainning\multi-env-pipeline-lab\actions-runner\bin\Runner.Worker.exe'
[2025-11-03 07:41:03Z INFO ProcessInvokerWrapper]   Arguments: 'spawnclient 1500 1364'
[2025-11-03 07:41:03Z INFO ProcessInvokerWrapper]   Working directory: 'C:\Users\iricue\Desktop\Devops_trainning\multi-env-pipeline-lab\actions-runner\bin'
[2025-11-03 07:41:03Z INFO ProcessInvokerWrapper]   Require exit code zero: 'False'
[2025-11-03 07:41:03Z INFO ProcessInvokerWrapper]   Encoding web name:  ; code page: ''
[2025-11-03 07:41:03Z INFO ProcessInvokerWrapper]   Force kill process on cancellation: 'True'
[2025-11-03 07:41:03Z INFO ProcessInvokerWrapper]   Redirected STDIN: 'False'
[2025-11-03 07:41:03Z INFO ProcessInvokerWrapper]   Persist current code page: 'False'
[2025-11-03 07:41:03Z INFO ProcessInvokerWrapper]   Keep redirected STDIN open: 'False'
[2025-11-03 07:41:03Z INFO ProcessInvokerWrapper]   High priority process: 'True'
[2025-11-03 07:41:03Z INFO ProcessInvokerWrapper] Process started with process id 23480, waiting for process exit.
[2025-11-03 07:41:03Z INFO JobDispatcher] Send job request message to worker for job a5ebd4c5-787d-58cd-929c-ab1f4c54d07b.
[2025-11-03 07:41:03Z INFO ProcessChannel] Sending message of length 19204, with hash '79a8f798e7db8d97cf092f520b3fd10b47e0fc0fc879389f3709febd1163feb5'
[2025-11-03 07:41:03Z INFO JobNotification] Entering JobStarted Notification
[2025-11-03 07:41:03Z INFO JobNotification] Entering StartMonitor
[2025-11-03 07:42:02Z INFO ProcessInvokerWrapper] STDOUT/STDERR stream read finished.
[2025-11-03 07:42:02Z INFO ProcessInvokerWrapper] STDOUT/STDERR stream read finished.
[2025-11-03 07:42:02Z INFO ProcessInvokerWrapper] Finished process 23480 with exit code 102, and elapsed time 00:00:59.3808477.
[2025-11-03 07:42:02Z INFO JobDispatcher] Worker finished for job a5ebd4c5-787d-58cd-929c-ab1f4c54d07b. Code: 102
[2025-11-03 07:42:02Z INFO JobDispatcher] finish job request for job a5ebd4c5-787d-58cd-929c-ab1f4c54d07b with result: Failed
[2025-11-03 07:42:02Z INFO Terminal] WRITE LINE: 2025-11-03 07:42:02Z: Job Test Runner & Cluster Access completed with result: Failed
[2025-11-03 07:42:02Z INFO JobDispatcher] Stop renew job request for job a5ebd4c5-787d-58cd-929c-ab1f4c54d07b.
[2025-11-03 07:42:02Z INFO JobDispatcher] job renew has been cancelled, stop renew job a5ebd4c5-787d-58cd-929c-ab1f4c54d07b.
[2025-11-03 07:42:02Z INFO JobNotification] Entering JobCompleted Notification
[2025-11-03 07:42:02Z INFO JobNotification] Entering EndMonitor
[2025-11-03 07:42:02Z INFO BrokerMessageListener] Received job status event. JobState: Online
[2025-11-03 07:42:02Z WARN GitHubActionsService] GET request to https://broker.actions.githubusercontent.com/message?sessionId=af6c3bfd-2bb1-4587-875f-bc26e56876a0&status=Busy&runnerVersion=2.329.0&os=Windows&architecture=X64&disableUpdate=false has been cancelled.
[2025-11-03 07:42:02Z ERR  BrokerServer] Catch exception during request
[2025-11-03 07:42:02Z ERR  BrokerServer] System.Threading.Tasks.TaskCanceledException: The operation was canceled.
 ---> System.Threading.Tasks.TaskCanceledException: The operation was canceled.
 ---> System.IO.IOException: Unable to read data from the transport connection: La operación de E/S se anuló por una salida de subproceso o por una solicitud de aplicación..
 ---> System.Net.Sockets.SocketException (995): La operación de E/S se anuló por una salida de subproceso o por una solicitud de aplicación.
   --- End of inner exception stack trace ---
   at System.Net.Sockets.Socket.AwaitableSocketAsyncEventArgs.ThrowException(SocketError error, CancellationToken cancellationToken)
   at System.Net.Sockets.Socket.AwaitableSocketAsyncEventArgs.System.Threading.Tasks.Sources.IValueTaskSource<System.Int32>.GetResult(Int16 token)
   at System.Net.Security.SslStream.EnsureFullTlsFrameAsync[TIOAdapter](CancellationToken cancellationToken, Int32 estimatedSize)
   at System.Runtime.CompilerServices.PoolingAsyncValueTaskMethodBuilder`1.StateMachineBox`1.System.Threading.Tasks.Sources.IValueTaskSource<TResult>.GetResult(Int16 token)
   at System.Net.Security.SslStream.ReadAsyncInternal[TIOAdapter](Memory`1 buffer, CancellationToken cancellationToken)
   at System.Runtime.CompilerServices.PoolingAsyncValueTaskMethodBuilder`1.StateMachineBox`1.System.Threading.Tasks.Sources.IValueTaskSource<TResult>.GetResult(Int16 token)
   at System.Net.Http.HttpConnection.SendAsync(HttpRequestMessage request, Boolean async, CancellationToken cancellationToken)
   --- End of inner exception stack trace ---
   at System.Net.Http.HttpConnection.SendAsync(HttpRequestMessage request, Boolean async, CancellationToken cancellationToken)
   at System.Net.Http.AuthenticationHelper.SendWithNtAuthAsync(HttpRequestMessage request, Uri authUri, Boolean async, ICredentials credentials, Boolean isProxyAuth, HttpConnection connection, HttpConnectionPool connectionPool, CancellationToken cancellationToken)
   at System.Net.Http.HttpConnectionPool.SendWithVersionDetectionAndRetryAsync(HttpRequestMessage request, Boolean async, Boolean doRequestAuth, CancellationToken cancellationToken)
   at System.Net.Http.AuthenticationHelper.SendWithAuthAsync(HttpRequestMessage request, Uri authUri, Boolean async, ICredentials credentials, Boolean preAuthenticate, Boolean isProxyAuth, Boolean doRequestAuth, HttpConnectionPool pool, CancellationToken cancellationToken)
   at System.Net.Http.RedirectHandler.SendAsync(HttpRequestMessage request, Boolean async, CancellationToken cancellationToken)
   at GitHub.Services.Common.RawHttpMessageHandler.SendAsync(HttpRequestMessage request, CancellationToken cancellationToken)
   at GitHub.Services.Common.VssHttpRetryMessageHandler.SendAsync(HttpRequestMessage request, CancellationToken cancellationToken)
   at System.Net.Http.HttpClient.<SendAsync>g__Core|83_0(HttpRequestMessage request, HttpCompletionOption completionOption, CancellationTokenSource cts, Boolean disposeCts, CancellationTokenSource pendingRequestsCts, CancellationToken originalCancellationToken)
   --- End of inner exception stack trace ---
   at System.Net.Http.HttpClient.HandleFailure(Exception e, Boolean telemetryStarted, HttpResponseMessage response, CancellationTokenSource cts, CancellationToken cancellationToken, CancellationTokenSource pendingRequestsCts)
   at System.Net.Http.HttpClient.<SendAsync>g__Core|83_0(HttpRequestMessage request, HttpCompletionOption completionOption, CancellationTokenSource cts, Boolean disposeCts, CancellationTokenSource pendingRequestsCts, CancellationToken originalCancellationToken)
   at Sdk.WebApi.WebApi.RawHttpClientBase.SendAsync(HttpRequestMessage message, HttpCompletionOption completionOption, Object userState, CancellationToken cancellationToken)
   at Sdk.WebApi.WebApi.RawHttpClientBase.SendAsync[T](HttpRequestMessage message, Boolean readErrorBody, Object userState, CancellationToken cancellationToken)
   at Sdk.WebApi.WebApi.RawHttpClientBase.SendAsync[T](HttpMethod method, IEnumerable`1 additionalHeaders, Uri requestUri, HttpContent content, IEnumerable`1 queryParameters, Boolean readErrorBody, Object userState, CancellationToken cancellationToken)
   at GitHub.Actions.RunService.WebApi.BrokerHttpClient.GetRunnerMessageAsync(Nullable`1 sessionId, String runnerVersion, Nullable`1 status, String os, String architecture, Nullable`1 disableUpdate, CancellationToken cancellationToken)
   at GitHub.Runner.Common.BrokerServer.<>c__DisplayClass7_0.<<GetRunnerMessageAsync>b__0>d.MoveNext()
--- End of stack trace from previous location ---
   at GitHub.Runner.Common.RunnerService.RetryRequest[T](Func`1 func, CancellationToken cancellationToken, Int32 maxAttempts, Func`2 shouldRetry)
[2025-11-03 07:42:02Z ERR  BrokerServer] #####################################################
[2025-11-03 07:42:02Z ERR  BrokerServer] System.Threading.Tasks.TaskCanceledException: The operation was canceled.
 ---> System.IO.IOException: Unable to read data from the transport connection: La operación de E/S se anuló por una salida de subproceso o por una solicitud de aplicación..
 ---> System.Net.Sockets.SocketException (995): La operación de E/S se anuló por una salida de subproceso o por una solicitud de aplicación.
   --- End of inner exception stack trace ---
   at System.Net.Sockets.Socket.AwaitableSocketAsyncEventArgs.ThrowException(SocketError error, CancellationToken cancellationToken)
   at System.Net.Sockets.Socket.AwaitableSocketAsyncEventArgs.System.Threading.Tasks.Sources.IValueTaskSource<System.Int32>.GetResult(Int16 token)
   at System.Net.Security.SslStream.EnsureFullTlsFrameAsync[TIOAdapter](CancellationToken cancellationToken, Int32 estimatedSize)
   at System.Runtime.CompilerServices.PoolingAsyncValueTaskMethodBuilder`1.StateMachineBox`1.System.Threading.Tasks.Sources.IValueTaskSource<TResult>.GetResult(Int16 token)
   at System.Net.Security.SslStream.ReadAsyncInternal[TIOAdapter](Memory`1 buffer, CancellationToken cancellationToken)
   at System.Runtime.CompilerServices.PoolingAsyncValueTaskMethodBuilder`1.StateMachineBox`1.System.Threading.Tasks.Sources.IValueTaskSource<TResult>.GetResult(Int16 token)
   at System.Net.Http.HttpConnection.SendAsync(HttpRequestMessage request, Boolean async, CancellationToken cancellationToken)
   --- End of inner exception stack trace ---
   at System.Net.Http.HttpConnection.SendAsync(HttpRequestMessage request, Boolean async, CancellationToken cancellationToken)
   at System.Net.Http.AuthenticationHelper.SendWithNtAuthAsync(HttpRequestMessage request, Uri authUri, Boolean async, ICredentials credentials, Boolean isProxyAuth, HttpConnection connection, HttpConnectionPool connectionPool, CancellationToken cancellationToken)
   at System.Net.Http.HttpConnectionPool.SendWithVersionDetectionAndRetryAsync(HttpRequestMessage request, Boolean async, Boolean doRequestAuth, CancellationToken cancellationToken)
   at System.Net.Http.AuthenticationHelper.SendWithAuthAsync(HttpRequestMessage request, Uri authUri, Boolean async, ICredentials credentials, Boolean preAuthenticate, Boolean isProxyAuth, Boolean doRequestAuth, HttpConnectionPool pool, CancellationToken cancellationToken)
   at System.Net.Http.RedirectHandler.SendAsync(HttpRequestMessage request, Boolean async, CancellationToken cancellationToken)
   at GitHub.Services.Common.RawHttpMessageHandler.SendAsync(HttpRequestMessage request, CancellationToken cancellationToken)
   at GitHub.Services.Common.VssHttpRetryMessageHandler.SendAsync(HttpRequestMessage request, CancellationToken cancellationToken)
   at System.Net.Http.HttpClient.<SendAsync>g__Core|83_0(HttpRequestMessage request, HttpCompletionOption completionOption, CancellationTokenSource cts, Boolean disposeCts, CancellationTokenSource pendingRequestsCts, CancellationToken originalCancellationToken)
[2025-11-03 07:42:02Z ERR  BrokerServer] #####################################################
[2025-11-03 07:42:02Z ERR  BrokerServer] System.IO.IOException: Unable to read data from the transport connection: La operación de E/S se anuló por una salida de subproceso o por una solicitud de aplicación..
 ---> System.Net.Sockets.SocketException (995): La operación de E/S se anuló por una salida de subproceso o por una solicitud de aplicación.
   --- End of inner exception stack trace ---
   at System.Net.Sockets.Socket.AwaitableSocketAsyncEventArgs.ThrowException(SocketError error, CancellationToken cancellationToken)
   at System.Net.Sockets.Socket.AwaitableSocketAsyncEventArgs.System.Threading.Tasks.Sources.IValueTaskSource<System.Int32>.GetResult(Int16 token)
   at System.Net.Security.SslStream.EnsureFullTlsFrameAsync[TIOAdapter](CancellationToken cancellationToken, Int32 estimatedSize)
   at System.Runtime.CompilerServices.PoolingAsyncValueTaskMethodBuilder`1.StateMachineBox`1.System.Threading.Tasks.Sources.IValueTaskSource<TResult>.GetResult(Int16 token)
   at System.Net.Security.SslStream.ReadAsyncInternal[TIOAdapter](Memory`1 buffer, CancellationToken cancellationToken)
   at System.Runtime.CompilerServices.PoolingAsyncValueTaskMethodBuilder`1.StateMachineBox`1.System.Threading.Tasks.Sources.IValueTaskSource<TResult>.GetResult(Int16 token)
   at System.Net.Http.HttpConnection.SendAsync(HttpRequestMessage request, Boolean async, CancellationToken cancellationToken)
[2025-11-03 07:42:02Z ERR  BrokerServer] #####################################################
[2025-11-03 07:42:02Z ERR  BrokerServer] System.Net.Sockets.SocketException (995): La operación de E/S se anuló por una salida de subproceso o por una solicitud de aplicación.
[2025-11-03 07:42:02Z WARN BrokerServer] Back off 9,049 seconds before next retry. 4 attempt left.
[2025-11-03 07:42:02Z INFO BrokerMessageListener] Get messages has been cancelled using local token source. Continue to get messages with new status.
[2025-11-03 08:12:09Z INFO RSAEncryptedFileKeyManager] Loading RSA key parameters from file C:\Users\iricue\Desktop\Devops_trainning\multi-env-pipeline-lab\actions-runner\.credentials_rsaparams
[2025-11-03 08:12:09Z INFO GitHubActionsService] AAD Correlation ID for this token request: Unknown
[2025-11-03 09:02:21Z INFO RSAEncryptedFileKeyManager] Loading RSA key parameters from file C:\Users\iricue\Desktop\Devops_trainning\multi-env-pipeline-lab\actions-runner\.credentials_rsaparams
[2025-11-03 09:02:21Z INFO GitHubActionsService] AAD Correlation ID for this token request: Unknown
[2025-11-03 09:52:29Z INFO RSAEncryptedFileKeyManager] Loading RSA key parameters from file C:\Users\iricue\Desktop\Devops_trainning\multi-env-pipeline-lab\actions-runner\.credentials_rsaparams
[2025-11-03 09:52:30Z INFO GitHubActionsService] AAD Correlation ID for this token request: Unknown
[2025-11-03 10:42:38Z INFO RSAEncryptedFileKeyManager] Loading RSA key parameters from file C:\Users\iricue\Desktop\Devops_trainning\multi-env-pipeline-lab\actions-runner\.credentials_rsaparams
[2025-11-03 10:42:39Z INFO GitHubActionsService] AAD Correlation ID for this token request: Unknown
[2025-11-03 11:32:46Z INFO RSAEncryptedFileKeyManager] Loading RSA key parameters from file C:\Users\iricue\Desktop\Devops_trainning\multi-env-pipeline-lab\actions-runner\.credentials_rsaparams
[2025-11-03 11:32:47Z INFO GitHubActionsService] AAD Correlation ID for this token request: Unknown
[2025-11-03 12:22:54Z INFO RSAEncryptedFileKeyManager] Loading RSA key parameters from file C:\Users\iricue\Desktop\Devops_trainning\multi-env-pipeline-lab\actions-runner\.credentials_rsaparams
[2025-11-03 12:22:55Z INFO GitHubActionsService] AAD Correlation ID for this token request: Unknown
[2025-11-03 13:13:02Z INFO RSAEncryptedFileKeyManager] Loading RSA key parameters from file C:\Users\iricue\Desktop\Devops_trainning\multi-env-pipeline-lab\actions-runner\.credentials_rsaparams
[2025-11-03 13:13:03Z INFO GitHubActionsService] AAD Correlation ID for this token request: Unknown
[2025-11-03 14:03:11Z INFO RSAEncryptedFileKeyManager] Loading RSA key parameters from file C:\Users\iricue\Desktop\Devops_trainning\multi-env-pipeline-lab\actions-runner\.credentials_rsaparams
[2025-11-03 14:03:12Z INFO GitHubActionsService] AAD Correlation ID for this token request: Unknown
[2025-11-03 14:53:20Z INFO RSAEncryptedFileKeyManager] Loading RSA key parameters from file C:\Users\iricue\Desktop\Devops_trainning\multi-env-pipeline-lab\actions-runner\.credentials_rsaparams
[2025-11-03 14:53:20Z INFO GitHubActionsService] AAD Correlation ID for this token request: Unknown
[2025-11-03 15:43:28Z INFO RSAEncryptedFileKeyManager] Loading RSA key parameters from file C:\Users\iricue\Desktop\Devops_trainning\multi-env-pipeline-lab\actions-runner\.credentials_rsaparams
[2025-11-03 15:43:29Z INFO GitHubActionsService] AAD Correlation ID for this token request: Unknown
[2025-11-03 16:27:15Z INFO HostContext] Runner will be shutdown for UserCancelled
[2025-11-03 16:27:15Z WARN GitHubActionsService] GET request to https://broker.actions.githubusercontent.com/message?sessionId=af6c3bfd-2bb1-4587-875f-bc26e56876a0&status=Online&runnerVersion=2.329.0&os=Windows&architecture=X64&disableUpdate=false has been cancelled.
[2025-11-03 16:27:15Z ERR  BrokerServer] Catch exception during request
[2025-11-03 16:27:15Z ERR  BrokerServer] System.Threading.Tasks.TaskCanceledException: The operation was canceled.
 ---> System.Threading.Tasks.TaskCanceledException: The operation was canceled.
 ---> System.IO.IOException: Unable to read data from the transport connection: La operación de E/S se anuló por una salida de subproceso o por una solicitud de aplicación..
 ---> System.Net.Sockets.SocketException (995): La operación de E/S se anuló por una salida de subproceso o por una solicitud de aplicación.
   --- End of inner exception stack trace ---
   at System.Net.Sockets.Socket.AwaitableSocketAsyncEventArgs.ThrowException(SocketError error, CancellationToken cancellationToken)
   at System.Net.Sockets.Socket.AwaitableSocketAsyncEventArgs.System.Threading.Tasks.Sources.IValueTaskSource<System.Int32>.GetResult(Int16 token)
   at System.Net.Security.SslStream.EnsureFullTlsFrameAsync[TIOAdapter](CancellationToken cancellationToken, Int32 estimatedSize)
   at System.Runtime.CompilerServices.PoolingAsyncValueTaskMethodBuilder`1.StateMachineBox`1.System.Threading.Tasks.Sources.IValueTaskSource<TResult>.GetResult(Int16 token)
   at System.Net.Security.SslStream.ReadAsyncInternal[TIOAdapter](Memory`1 buffer, CancellationToken cancellationToken)
   at System.Runtime.CompilerServices.PoolingAsyncValueTaskMethodBuilder`1.StateMachineBox`1.System.Threading.Tasks.Sources.IValueTaskSource<TResult>.GetResult(Int16 token)
   at System.Net.Http.HttpConnection.SendAsync(HttpRequestMessage request, Boolean async, CancellationToken cancellationToken)
   --- End of inner exception stack trace ---
   at System.Net.Http.HttpConnection.SendAsync(HttpRequestMessage request, Boolean async, CancellationToken cancellationToken)
   at System.Net.Http.AuthenticationHelper.SendWithNtAuthAsync(HttpRequestMessage request, Uri authUri, Boolean async, ICredentials credentials, Boolean isProxyAuth, HttpConnection connection, HttpConnectionPool connectionPool, CancellationToken cancellationToken)
   at System.Net.Http.HttpConnectionPool.SendWithVersionDetectionAndRetryAsync(HttpRequestMessage request, Boolean async, Boolean doRequestAuth, CancellationToken cancellationToken)
   at System.Net.Http.AuthenticationHelper.SendWithAuthAsync(HttpRequestMessage request, Uri authUri, Boolean async, ICredentials credentials, Boolean preAuthenticate, Boolean isProxyAuth, Boolean doRequestAuth, HttpConnectionPool pool, CancellationToken cancellationToken)
   at System.Net.Http.RedirectHandler.SendAsync(HttpRequestMessage request, Boolean async, CancellationToken cancellationToken)
   at GitHub.Services.Common.RawHttpMessageHandler.SendAsync(HttpRequestMessage request, CancellationToken cancellationToken)
   at GitHub.Services.Common.VssHttpRetryMessageHandler.SendAsync(HttpRequestMessage request, CancellationToken cancellationToken)
   at System.Net.Http.HttpClient.<SendAsync>g__Core|83_0(HttpRequestMessage request, HttpCompletionOption completionOption, CancellationTokenSource cts, Boolean disposeCts, CancellationTokenSource pendingRequestsCts, CancellationToken originalCancellationToken)
   --- End of inner exception stack trace ---
   at System.Net.Http.HttpClient.HandleFailure(Exception e, Boolean telemetryStarted, HttpResponseMessage response, CancellationTokenSource cts, CancellationToken cancellationToken, CancellationTokenSource pendingRequestsCts)
   at System.Net.Http.HttpClient.<SendAsync>g__Core|83_0(HttpRequestMessage request, HttpCompletionOption completionOption, CancellationTokenSource cts, Boolean disposeCts, CancellationTokenSource pendingRequestsCts, CancellationToken originalCancellationToken)
   at Sdk.WebApi.WebApi.RawHttpClientBase.SendAsync(HttpRequestMessage message, HttpCompletionOption completionOption, Object userState, CancellationToken cancellationToken)
   at Sdk.WebApi.WebApi.RawHttpClientBase.SendAsync[T](HttpRequestMessage message, Boolean readErrorBody, Object userState, CancellationToken cancellationToken)
   at Sdk.WebApi.WebApi.RawHttpClientBase.SendAsync[T](HttpMethod method, IEnumerable`1 additionalHeaders, Uri requestUri, HttpContent content, IEnumerable`1 queryParameters, Boolean readErrorBody, Object userState, CancellationToken cancellationToken)
   at GitHub.Actions.RunService.WebApi.BrokerHttpClient.GetRunnerMessageAsync(Nullable`1 sessionId, String runnerVersion, Nullable`1 status, String os, String architecture, Nullable`1 disableUpdate, CancellationToken cancellationToken)
   at GitHub.Runner.Common.BrokerServer.<>c__DisplayClass7_0.<<GetRunnerMessageAsync>b__0>d.MoveNext()
--- End of stack trace from previous location ---
   at GitHub.Runner.Common.RunnerService.RetryRequest[T](Func`1 func, CancellationToken cancellationToken, Int32 maxAttempts, Func`2 shouldRetry)
[2025-11-03 16:27:15Z ERR  BrokerServer] #####################################################
[2025-11-03 16:27:15Z ERR  BrokerServer] System.Threading.Tasks.TaskCanceledException: The operation was canceled.
 ---> System.IO.IOException: Unable to read data from the transport connection: La operación de E/S se anuló por una salida de subproceso o por una solicitud de aplicación..
 ---> System.Net.Sockets.SocketException (995): La operación de E/S se anuló por una salida de subproceso o por una solicitud de aplicación.
   --- End of inner exception stack trace ---
   at System.Net.Sockets.Socket.AwaitableSocketAsyncEventArgs.ThrowException(SocketError error, CancellationToken cancellationToken)
   at System.Net.Sockets.Socket.AwaitableSocketAsyncEventArgs.System.Threading.Tasks.Sources.IValueTaskSource<System.Int32>.GetResult(Int16 token)
   at System.Net.Security.SslStream.EnsureFullTlsFrameAsync[TIOAdapter](CancellationToken cancellationToken, Int32 estimatedSize)
   at System.Runtime.CompilerServices.PoolingAsyncValueTaskMethodBuilder`1.StateMachineBox`1.System.Threading.Tasks.Sources.IValueTaskSource<TResult>.GetResult(Int16 token)
   at System.Net.Security.SslStream.ReadAsyncInternal[TIOAdapter](Memory`1 buffer, CancellationToken cancellationToken)
   at System.Runtime.CompilerServices.PoolingAsyncValueTaskMethodBuilder`1.StateMachineBox`1.System.Threading.Tasks.Sources.IValueTaskSource<TResult>.GetResult(Int16 token)
   at System.Net.Http.HttpConnection.SendAsync(HttpRequestMessage request, Boolean async, CancellationToken cancellationToken)
   --- End of inner exception stack trace ---
   at System.Net.Http.HttpConnection.SendAsync(HttpRequestMessage request, Boolean async, CancellationToken cancellationToken)
   at System.Net.Http.AuthenticationHelper.SendWithNtAuthAsync(HttpRequestMessage request, Uri authUri, Boolean async, ICredentials credentials, Boolean isProxyAuth, HttpConnection connection, HttpConnectionPool connectionPool, CancellationToken cancellationToken)
   at System.Net.Http.HttpConnectionPool.SendWithVersionDetectionAndRetryAsync(HttpRequestMessage request, Boolean async, Boolean doRequestAuth, CancellationToken cancellationToken)
   at System.Net.Http.AuthenticationHelper.SendWithAuthAsync(HttpRequestMessage request, Uri authUri, Boolean async, ICredentials credentials, Boolean preAuthenticate, Boolean isProxyAuth, Boolean doRequestAuth, HttpConnectionPool pool, CancellationToken cancellationToken)
   at System.Net.Http.RedirectHandler.SendAsync(HttpRequestMessage request, Boolean async, CancellationToken cancellationToken)
   at GitHub.Services.Common.RawHttpMessageHandler.SendAsync(HttpRequestMessage request, CancellationToken cancellationToken)
   at GitHub.Services.Common.VssHttpRetryMessageHandler.SendAsync(HttpRequestMessage request, CancellationToken cancellationToken)
   at System.Net.Http.HttpClient.<SendAsync>g__Core|83_0(HttpRequestMessage request, HttpCompletionOption completionOption, CancellationTokenSource cts, Boolean disposeCts, CancellationTokenSource pendingRequestsCts, CancellationToken originalCancellationToken)
[2025-11-03 16:27:15Z ERR  BrokerServer] #####################################################
[2025-11-03 16:27:15Z ERR  BrokerServer] System.IO.IOException: Unable to read data from the transport connection: La operación de E/S se anuló por una salida de subproceso o por una solicitud de aplicación..
 ---> System.Net.Sockets.SocketException (995): La operación de E/S se anuló por una salida de subproceso o por una solicitud de aplicación.
   --- End of inner exception stack trace ---
   at System.Net.Sockets.Socket.AwaitableSocketAsyncEventArgs.ThrowException(SocketError error, CancellationToken cancellationToken)
   at System.Net.Sockets.Socket.AwaitableSocketAsyncEventArgs.System.Threading.Tasks.Sources.IValueTaskSource<System.Int32>.GetResult(Int16 token)
   at System.Net.Security.SslStream.EnsureFullTlsFrameAsync[TIOAdapter](CancellationToken cancellationToken, Int32 estimatedSize)
   at System.Runtime.CompilerServices.PoolingAsyncValueTaskMethodBuilder`1.StateMachineBox`1.System.Threading.Tasks.Sources.IValueTaskSource<TResult>.GetResult(Int16 token)
   at System.Net.Security.SslStream.ReadAsyncInternal[TIOAdapter](Memory`1 buffer, CancellationToken cancellationToken)
   at System.Runtime.CompilerServices.PoolingAsyncValueTaskMethodBuilder`1.StateMachineBox`1.System.Threading.Tasks.Sources.IValueTaskSource<TResult>.GetResult(Int16 token)
   at System.Net.Http.HttpConnection.SendAsync(HttpRequestMessage request, Boolean async, CancellationToken cancellationToken)
[2025-11-03 16:27:15Z ERR  BrokerServer] #####################################################
[2025-11-03 16:27:15Z ERR  BrokerServer] System.Net.Sockets.SocketException (995): La operación de E/S se anuló por una salida de subproceso o por una solicitud de aplicación.
[2025-11-03 16:27:15Z WARN BrokerServer] Back off 6,619 seconds before next retry. 4 attempt left.
[2025-11-03 16:27:15Z INFO BrokerMessageListener] Get next message has been cancelled.
[2025-11-03 16:27:15Z INFO JobDispatcher] Shutting down JobDispatcher. Make sure all WorkerDispatcher has finished.
[2025-11-03 16:27:15Z INFO JobDispatcher] Ensure WorkerDispatcher for job a5ebd4c5-787d-58cd-929c-ab1f4c54d07b run to finish, cancel any running job.
[2025-11-03 16:27:15Z INFO JobDispatcher] Job request a5ebd4c5-787d-58cd-929c-ab1f4c54d07b processed succeed.
[2025-11-03 16:27:15Z INFO Runner] Deleting Runner Session...
[2025-11-03 16:27:16Z INFO Listener] Runner execution been cancelled.
